[5.126s] Invoking command in '/home/pi/ros2_ws/src/stepper_motor': DEBUGINFOD_URLS=https://debuginfod.ubuntu.com PYTHONPATH=/home/pi/ros2_ws/build/stepper_motor/prefix_override:/usr/lib/python3/dist-packages/colcon_core/task/python/colcon_distutils_commands:/home/pi/ros2_ws/install/stepper_motor/lib/python3.12/site-packages:${PYTHONPATH} /usr/bin/python3 -W ignore:setup.py install is deprecated -W ignore:easy_install command is deprecated setup.py egg_info --egg-base ../../build/stepper_motor build --build-base /home/pi/ros2_ws/build/stepper_motor/build install --record /home/pi/ros2_ws/build/stepper_motor/install.log --single-version-externally-managed install_data
[6.350s] running egg_info
[6.460s] writing ../../build/stepper_motor/stepper_motor.egg-info/PKG-INFO
[6.463s] writing dependency_links to ../../build/stepper_motor/stepper_motor.egg-info/dependency_links.txt
[6.464s] writing entry points to ../../build/stepper_motor/stepper_motor.egg-info/entry_points.txt
[6.466s] writing requirements to ../../build/stepper_motor/stepper_motor.egg-info/requires.txt
[6.467s] writing top-level names to ../../build/stepper_motor/stepper_motor.egg-info/top_level.txt
[6.651s] reading manifest file '../../build/stepper_motor/stepper_motor.egg-info/SOURCES.txt'
[6.654s] adding license file 'LICENSE'
[6.657s] writing manifest file '../../build/stepper_motor/stepper_motor.egg-info/SOURCES.txt'
[6.658s] running build
[6.658s] running build_py
[6.659s] copying stepper_motor/controller_node.py -> /home/pi/ros2_ws/build/stepper_motor/build/lib/stepper_motor
[6.661s] running install
[6.686s] running install_lib
[6.776s] copying /home/pi/ros2_ws/build/stepper_motor/build/lib/stepper_motor/controller_node.py -> /home/pi/ros2_ws/install/stepper_motor/lib/python3.12/site-packages/stepper_motor
[6.779s] byte-compiling /home/pi/ros2_ws/install/stepper_motor/lib/python3.12/site-packages/stepper_motor/controller_node.py to controller_node.cpython-312.pyc
[6.783s] running install_data
[6.783s] running install_egg_info
[6.880s] removing '/home/pi/ros2_ws/install/stepper_motor/lib/python3.12/site-packages/stepper_motor-0.0.0-py3.12.egg-info' (and everything under it)
[6.881s] error removing /home/pi/ros2_ws/install/stepper_motor/lib/python3.12/site-packages/stepper_motor-0.0.0-py3.12.egg-info: [Errno 13] Permission denied: '/home/pi/ros2_ws/install/stepper_motor/lib/python3.12/site-packages/stepper_motor-0.0.0-py3.12.egg-info/SOURCES.txt'
[6.882s] error removing /home/pi/ros2_ws/install/stepper_motor/lib/python3.12/site-packages/stepper_motor-0.0.0-py3.12.egg-info: [Errno 13] Permission denied: '/home/pi/ros2_ws/install/stepper_motor/lib/python3.12/site-packages/stepper_motor-0.0.0-py3.12.egg-info/top_level.txt'
[6.882s] error removing /home/pi/ros2_ws/install/stepper_motor/lib/python3.12/site-packages/stepper_motor-0.0.0-py3.12.egg-info: [Errno 13] Permission denied: '/home/pi/ros2_ws/install/stepper_motor/lib/python3.12/site-packages/stepper_motor-0.0.0-py3.12.egg-info/PKG-INFO'
[6.884s] error removing /home/pi/ros2_ws/install/stepper_motor/lib/python3.12/site-packages/stepper_motor-0.0.0-py3.12.egg-info: [Errno 13] Permission denied: '/home/pi/ros2_ws/install/stepper_motor/lib/python3.12/site-packages/stepper_motor-0.0.0-py3.12.egg-info/zip-safe'
[6.885s] error removing /home/pi/ros2_ws/install/stepper_motor/lib/python3.12/site-packages/stepper_motor-0.0.0-py3.12.egg-info: [Errno 13] Permission denied: '/home/pi/ros2_ws/install/stepper_motor/lib/python3.12/site-packages/stepper_motor-0.0.0-py3.12.egg-info/requires.txt'
[6.887s] error removing /home/pi/ros2_ws/install/stepper_motor/lib/python3.12/site-packages/stepper_motor-0.0.0-py3.12.egg-info: [Errno 13] Permission denied: '/home/pi/ros2_ws/install/stepper_motor/lib/python3.12/site-packages/stepper_motor-0.0.0-py3.12.egg-info/dependency_links.txt'
[6.888s] error removing /home/pi/ros2_ws/install/stepper_motor/lib/python3.12/site-packages/stepper_motor-0.0.0-py3.12.egg-info: [Errno 13] Permission denied: '/home/pi/ros2_ws/install/stepper_motor/lib/python3.12/site-packages/stepper_motor-0.0.0-py3.12.egg-info/entry_points.txt'
[6.890s] error removing /home/pi/ros2_ws/install/stepper_motor/lib/python3.12/site-packages/stepper_motor-0.0.0-py3.12.egg-info: [Errno 39] Directory not empty: '/home/pi/ros2_ws/install/stepper_motor/lib/python3.12/site-packages/stepper_motor-0.0.0-py3.12.egg-info'
[6.891s] Copying ../../build/stepper_motor/stepper_motor.egg-info to /home/pi/ros2_ws/install/stepper_motor/lib/python3.12/site-packages/stepper_motor-0.0.0-py3.12.egg-info
[6.893s] error: [Errno 13] Permission denied: '/home/pi/ros2_ws/install/stepper_motor/lib/python3.12/site-packages/stepper_motor-0.0.0-py3.12.egg-info/SOURCES.txt'
[6.998s] Invoked command in '/home/pi/ros2_ws/src/stepper_motor' returned '1': DEBUGINFOD_URLS=https://debuginfod.ubuntu.com PYTHONPATH=/home/pi/ros2_ws/build/stepper_motor/prefix_override:/usr/lib/python3/dist-packages/colcon_core/task/python/colcon_distutils_commands:/home/pi/ros2_ws/install/stepper_motor/lib/python3.12/site-packages:${PYTHONPATH} /usr/bin/python3 -W ignore:setup.py install is deprecated -W ignore:easy_install command is deprecated setup.py egg_info --egg-base ../../build/stepper_motor build --build-base /home/pi/ros2_ws/build/stepper_motor/build install --record /home/pi/ros2_ws/build/stepper_motor/install.log --single-version-externally-managed install_data
