[0.766s] DEBUG:colcon:Command line arguments: ['/usr/bin/colcon', 'build']
[0.766s] DEBUG:colcon:Parsed command line arguments: Namespace(log_base=None, log_level=None, verb_name='build', build_base='build', install_base='install', merge_install=False, symlink_install=False, test_result_base=None, continue_on_error=False, executor='parallel', parallel_workers=4, event_handlers=None, ignore_user_meta=False, metas=['./colcon.meta'], base_paths=['.'], packages_ignore=None, packages_ignore_regex=None, paths=None, packages_up_to=None, packages_up_to_regex=None, packages_above=None, packages_above_and_dependencies=None, packages_above_depth=None, packages_select_by_dep=None, packages_skip_by_dep=None, packages_skip_up_to=None, packages_select_build_failed=False, packages_skip_build_finished=False, packages_select_test_failures=False, packages_skip_test_passed=False, packages_select=None, packages_skip=None, packages_select_regex=None, packages_skip_regex=None, packages_start=None, packages_end=None, allow_overriding=[], cmake_args=None, cmake_target=None, cmake_target_skip_unavailable=False, cmake_clean_cache=False, cmake_clean_first=False, cmake_force_configure=False, ament_cmake_args=None, catkin_cmake_args=None, catkin_skip_building_tests=False, mixin_files=None, mixin=None, verb_parser=<colcon_mixin.mixin.mixin_argument.MixinArgumentDecorator object at 0xffff8fdeed80>, verb_extension=<colcon_core.verb.build.BuildVerb object at 0xffff8ff9ed50>, main=<bound method BuildVerb.main of <colcon_core.verb.build.BuildVerb object at 0xffff8ff9ed50>>, mixin_verb=('build',))
[1.085s] Level 1:colcon.colcon_core.package_discovery:discover_packages(colcon_meta) check parameters
[1.085s] Level 1:colcon.colcon_core.package_discovery:discover_packages(recursive) check parameters
[1.085s] Level 1:colcon.colcon_core.package_discovery:discover_packages(ignore) check parameters
[1.086s] Level 1:colcon.colcon_core.package_discovery:discover_packages(path) check parameters
[1.086s] Level 1:colcon.colcon_core.package_discovery:discover_packages(colcon_meta) discover
[1.086s] Level 1:colcon.colcon_core.package_discovery:discover_packages(recursive) discover
[1.086s] INFO:colcon.colcon_core.package_discovery:Crawling recursively for packages in '/home/pi/ros2_ws'
[1.087s] Level 1:colcon.colcon_core.package_identification:_identify(.) by extensions ['ignore', 'ignore_ament_install']
[1.087s] Level 1:colcon.colcon_core.package_identification:_identify(.) by extension 'ignore'
[1.088s] Level 1:colcon.colcon_core.package_identification:_identify(.) by extension 'ignore_ament_install'
[1.088s] Level 1:colcon.colcon_core.package_identification:_identify(.) by extensions ['colcon_pkg']
[1.088s] Level 1:colcon.colcon_core.package_identification:_identify(.) by extension 'colcon_pkg'
[1.088s] Level 1:colcon.colcon_core.package_identification:_identify(.) by extensions ['colcon_meta']
[1.088s] Level 1:colcon.colcon_core.package_identification:_identify(.) by extension 'colcon_meta'
[1.089s] Level 1:colcon.colcon_core.package_identification:_identify(.) by extensions ['ros']
[1.089s] Level 1:colcon.colcon_core.package_identification:_identify(.) by extension 'ros'
[1.236s] Level 1:colcon.colcon_core.package_identification:_identify(.) by extensions ['cmake', 'python']
[1.237s] Level 1:colcon.colcon_core.package_identification:_identify(.) by extension 'cmake'
[1.237s] Level 1:colcon.colcon_core.package_identification:_identify(.) by extension 'python'
[1.237s] Level 1:colcon.colcon_core.package_identification:_identify(.) by extensions ['python_setup_py']
[1.237s] Level 1:colcon.colcon_core.package_identification:_identify(.) by extension 'python_setup_py'
[1.238s] Level 1:colcon.colcon_core.package_identification:_identify(build) by extensions ['ignore', 'ignore_ament_install']
[1.238s] Level 1:colcon.colcon_core.package_identification:_identify(build) by extension 'ignore'
[1.239s] Level 1:colcon.colcon_core.package_identification:_identify(build) ignored
[1.239s] Level 1:colcon.colcon_core.package_identification:_identify(install) by extensions ['ignore', 'ignore_ament_install']
[1.240s] Level 1:colcon.colcon_core.package_identification:_identify(install) by extension 'ignore'
[1.240s] Level 1:colcon.colcon_core.package_identification:_identify(install) ignored
[1.240s] Level 1:colcon.colcon_core.package_identification:_identify(log) by extensions ['ignore', 'ignore_ament_install']
[1.241s] Level 1:colcon.colcon_core.package_identification:_identify(log) by extension 'ignore'
[1.241s] Level 1:colcon.colcon_core.package_identification:_identify(log) ignored
[1.241s] Level 1:colcon.colcon_core.package_identification:_identify(src) by extensions ['ignore', 'ignore_ament_install']
[1.241s] Level 1:colcon.colcon_core.package_identification:_identify(src) by extension 'ignore'
[1.242s] Level 1:colcon.colcon_core.package_identification:_identify(src) by extension 'ignore_ament_install'
[1.242s] Level 1:colcon.colcon_core.package_identification:_identify(src) by extensions ['colcon_pkg']
[1.242s] Level 1:colcon.colcon_core.package_identification:_identify(src) by extension 'colcon_pkg'
[1.242s] Level 1:colcon.colcon_core.package_identification:_identify(src) by extensions ['colcon_meta']
[1.242s] Level 1:colcon.colcon_core.package_identification:_identify(src) by extension 'colcon_meta'
[1.243s] Level 1:colcon.colcon_core.package_identification:_identify(src) by extensions ['ros']
[1.243s] Level 1:colcon.colcon_core.package_identification:_identify(src) by extension 'ros'
[1.243s] Level 1:colcon.colcon_core.package_identification:_identify(src) by extensions ['cmake', 'python']
[1.243s] Level 1:colcon.colcon_core.package_identification:_identify(src) by extension 'cmake'
[1.244s] Level 1:colcon.colcon_core.package_identification:_identify(src) by extension 'python'
[1.244s] Level 1:colcon.colcon_core.package_identification:_identify(src) by extensions ['python_setup_py']
[1.244s] Level 1:colcon.colcon_core.package_identification:_identify(src) by extension 'python_setup_py'
[1.244s] Level 1:colcon.colcon_core.package_identification:_identify(src/stepper_motor) by extensions ['ignore', 'ignore_ament_install']
[1.245s] Level 1:colcon.colcon_core.package_identification:_identify(src/stepper_motor) by extension 'ignore'
[1.245s] Level 1:colcon.colcon_core.package_identification:_identify(src/stepper_motor) by extension 'ignore_ament_install'
[1.245s] Level 1:colcon.colcon_core.package_identification:_identify(src/stepper_motor) by extensions ['colcon_pkg']
[1.245s] Level 1:colcon.colcon_core.package_identification:_identify(src/stepper_motor) by extension 'colcon_pkg'
[1.246s] Level 1:colcon.colcon_core.package_identification:_identify(src/stepper_motor) by extensions ['colcon_meta']
[1.246s] Level 1:colcon.colcon_core.package_identification:_identify(src/stepper_motor) by extension 'colcon_meta'
[1.246s] Level 1:colcon.colcon_core.package_identification:_identify(src/stepper_motor) by extensions ['ros']
[1.246s] Level 1:colcon.colcon_core.package_identification:_identify(src/stepper_motor) by extension 'ros'
[1.258s] DEBUG:colcon.colcon_core.package_identification:Package 'src/stepper_motor' with type 'ros.ament_python' and name 'stepper_motor'
[1.259s] Level 1:colcon.colcon_core.package_discovery:discover_packages(recursive) using defaults
[1.259s] Level 1:colcon.colcon_core.package_discovery:discover_packages(ignore) discover
[1.259s] Level 1:colcon.colcon_core.package_discovery:discover_packages(ignore) using defaults
[1.259s] Level 1:colcon.colcon_core.package_discovery:discover_packages(path) discover
[1.259s] Level 1:colcon.colcon_core.package_discovery:discover_packages(path) using defaults
[1.384s] Level 1:colcon.colcon_core.package_discovery:discover_packages(prefix_path) check parameters
[1.385s] Level 1:colcon.colcon_core.package_discovery:discover_packages(prefix_path) discover
[1.403s] DEBUG:colcon.colcon_installed_package_information.package_discovery:Found 2 installed packages in /home/pi/ros2_ws/install
[1.415s] DEBUG:colcon.colcon_installed_package_information.package_discovery:Found 285 installed packages in /opt/ros/jazzy
[1.419s] Level 1:colcon.colcon_core.package_discovery:discover_packages(prefix_path) using defaults
[1.625s] Level 5:colcon.colcon_core.verb:set package 'stepper_motor' build argument 'cmake_args' from command line to 'None'
[1.626s] Level 5:colcon.colcon_core.verb:set package 'stepper_motor' build argument 'cmake_target' from command line to 'None'
[1.626s] Level 5:colcon.colcon_core.verb:set package 'stepper_motor' build argument 'cmake_target_skip_unavailable' from command line to 'False'
[1.626s] Level 5:colcon.colcon_core.verb:set package 'stepper_motor' build argument 'cmake_clean_cache' from command line to 'False'
[1.626s] Level 5:colcon.colcon_core.verb:set package 'stepper_motor' build argument 'cmake_clean_first' from command line to 'False'
[1.626s] Level 5:colcon.colcon_core.verb:set package 'stepper_motor' build argument 'cmake_force_configure' from command line to 'False'
[1.626s] Level 5:colcon.colcon_core.verb:set package 'stepper_motor' build argument 'ament_cmake_args' from command line to 'None'
[1.626s] Level 5:colcon.colcon_core.verb:set package 'stepper_motor' build argument 'catkin_cmake_args' from command line to 'None'
[1.626s] Level 5:colcon.colcon_core.verb:set package 'stepper_motor' build argument 'catkin_skip_building_tests' from command line to 'False'
[1.627s] DEBUG:colcon.colcon_core.verb:Building package 'stepper_motor' with the following arguments: {'ament_cmake_args': None, 'build_base': '/home/pi/ros2_ws/build/stepper_motor', 'catkin_cmake_args': None, 'catkin_skip_building_tests': False, 'cmake_args': None, 'cmake_clean_cache': False, 'cmake_clean_first': False, 'cmake_force_configure': False, 'cmake_target': None, 'cmake_target_skip_unavailable': False, 'install_base': '/home/pi/ros2_ws/install/stepper_motor', 'merge_install': False, 'path': '/home/pi/ros2_ws/src/stepper_motor', 'symlink_install': False, 'test_result_base': None}
[1.627s] INFO:colcon.colcon_core.executor:Executing jobs using 'parallel' executor
[1.630s] DEBUG:colcon.colcon_parallel_executor.executor.parallel:run_until_complete
[1.631s] INFO:colcon.colcon_ros.task.ament_python.build:Building ROS package in '/home/pi/ros2_ws/src/stepper_motor' with build type 'ament_python'
[1.632s] Level 1:colcon.colcon_core.shell:create_environment_hook('stepper_motor', 'ament_prefix_path')
[1.653s] INFO:colcon.colcon_core.plugin_system:Skipping extension 'colcon_core.shell.bat': Not used on non-Windows systems
[1.655s] INFO:colcon.colcon_core.shell:Creating environment hook '/home/pi/ros2_ws/install/stepper_motor/share/stepper_motor/hook/ament_prefix_path.ps1'
[1.660s] INFO:colcon.colcon_core.shell:Creating environment descriptor '/home/pi/ros2_ws/install/stepper_motor/share/stepper_motor/hook/ament_prefix_path.dsv'
[1.664s] INFO:colcon.colcon_core.shell:Creating environment hook '/home/pi/ros2_ws/install/stepper_motor/share/stepper_motor/hook/ament_prefix_path.sh'
[1.668s] INFO:colcon.colcon_core.shell:Skip shell extension 'powershell' for command environment: Not usable outside of PowerShell
[1.669s] DEBUG:colcon.colcon_core.shell:Skip shell extension 'dsv' for command environment
[2.679s] INFO:colcon.colcon_core.task.python.build:Building Python package in '/home/pi/ros2_ws/src/stepper_motor'
[2.680s] INFO:colcon.colcon_core.shell:Skip shell extension 'powershell' for command environment: Not usable outside of PowerShell
[2.680s] DEBUG:colcon.colcon_core.shell:Skip shell extension 'dsv' for command environment
[6.670s] DEBUG:colcon.colcon_core.event_handler.log_command:Invoking command in '/home/pi/ros2_ws/src/stepper_motor': DEBUGINFOD_URLS=https://debuginfod.ubuntu.com PYTHONPATH=/home/pi/ros2_ws/build/stepper_motor/prefix_override:/usr/lib/python3/dist-packages/colcon_core/task/python/colcon_distutils_commands:/home/pi/ros2_ws/install/stepper_motor/lib/python3.12/site-packages:${PYTHONPATH} /usr/bin/python3 -W ignore:setup.py install is deprecated -W ignore:easy_install command is deprecated setup.py egg_info --egg-base ../../build/stepper_motor build --build-base /home/pi/ros2_ws/build/stepper_motor/build install --record /home/pi/ros2_ws/build/stepper_motor/install.log --single-version-externally-managed install_data
[9.167s] DEBUG:colcon.colcon_core.event_handler.log_command:Invoked command in '/home/pi/ros2_ws/src/stepper_motor' returned '0': DEBUGINFOD_URLS=https://debuginfod.ubuntu.com PYTHONPATH=/home/pi/ros2_ws/build/stepper_motor/prefix_override:/usr/lib/python3/dist-packages/colcon_core/task/python/colcon_distutils_commands:/home/pi/ros2_ws/install/stepper_motor/lib/python3.12/site-packages:${PYTHONPATH} /usr/bin/python3 -W ignore:setup.py install is deprecated -W ignore:easy_install command is deprecated setup.py egg_info --egg-base ../../build/stepper_motor build --build-base /home/pi/ros2_ws/build/stepper_motor/build install --record /home/pi/ros2_ws/build/stepper_motor/install.log --single-version-externally-managed install_data
[9.198s] Level 1:colcon.colcon_core.environment:checking '/home/pi/ros2_ws/install/stepper_motor' for CMake module files
[9.200s] Level 1:colcon.colcon_core.environment:checking '/home/pi/ros2_ws/install/stepper_motor' for CMake config files
[9.204s] Level 1:colcon.colcon_core.environment:checking '/home/pi/ros2_ws/install/stepper_motor/lib'
[9.205s] Level 1:colcon.colcon_core.environment:checking '/home/pi/ros2_ws/install/stepper_motor/bin'
[9.205s] Level 1:colcon.colcon_core.environment:checking '/home/pi/ros2_ws/install/stepper_motor/lib/pkgconfig/stepper_motor.pc'
[9.206s] Level 1:colcon.colcon_core.environment:checking '/home/pi/ros2_ws/install/stepper_motor/lib/python3.12/site-packages'
[9.207s] Level 1:colcon.colcon_core.shell:create_environment_hook('stepper_motor', 'pythonpath')
[9.207s] INFO:colcon.colcon_core.shell:Creating environment hook '/home/pi/ros2_ws/install/stepper_motor/share/stepper_motor/hook/pythonpath.ps1'
[9.209s] INFO:colcon.colcon_core.shell:Creating environment descriptor '/home/pi/ros2_ws/install/stepper_motor/share/stepper_motor/hook/pythonpath.dsv'
[9.211s] INFO:colcon.colcon_core.shell:Creating environment hook '/home/pi/ros2_ws/install/stepper_motor/share/stepper_motor/hook/pythonpath.sh'
[9.214s] Level 1:colcon.colcon_core.environment:checking '/home/pi/ros2_ws/install/stepper_motor/bin'
[9.214s] Level 1:colcon.colcon_core.environment:create_environment_scripts_only(stepper_motor)
[9.215s] INFO:colcon.colcon_core.shell:Creating package script '/home/pi/ros2_ws/install/stepper_motor/share/stepper_motor/package.ps1'
[9.219s] INFO:colcon.colcon_core.shell:Creating package descriptor '/home/pi/ros2_ws/install/stepper_motor/share/stepper_motor/package.dsv'
[9.223s] INFO:colcon.colcon_core.shell:Creating package script '/home/pi/ros2_ws/install/stepper_motor/share/stepper_motor/package.sh'
[9.228s] INFO:colcon.colcon_core.shell:Creating package script '/home/pi/ros2_ws/install/stepper_motor/share/stepper_motor/package.bash'
[9.233s] INFO:colcon.colcon_core.shell:Creating package script '/home/pi/ros2_ws/install/stepper_motor/share/stepper_motor/package.zsh'
[9.237s] Level 1:colcon.colcon_core.environment:create_file_with_runtime_dependencies(/home/pi/ros2_ws/install/stepper_motor/share/colcon-core/packages/stepper_motor)
[9.238s] DEBUG:colcon.colcon_parallel_executor.executor.parallel:closing loop
[9.240s] DEBUG:colcon.colcon_parallel_executor.executor.parallel:loop closed
[9.241s] DEBUG:colcon.colcon_parallel_executor.executor.parallel:run_until_complete finished with '0'
[9.241s] DEBUG:colcon.colcon_core.event_reactor:joining thread
[9.278s] INFO:colcon.colcon_core.plugin_system:Skipping extension 'colcon_notification.desktop_notification.terminal_notifier': Not used on non-Darwin systems
[9.279s] INFO:colcon.colcon_core.plugin_system:Skipping extension 'colcon_notification.desktop_notification.win32': Not used on non-Windows systems
[9.279s] INFO:colcon.colcon_notification.desktop_notification:Sending desktop notification using 'notify2'
[9.279s] DEBUG:colcon.colcon_notification.desktop_notification.notify2:Failed to initialize notify2: org.freedesktop.DBus.Error.NotSupported: Unable to autolaunch a dbus-daemon without a $DISPLAY for X11
[9.280s] DEBUG:colcon.colcon_core.event_reactor:joined thread
[9.280s] INFO:colcon.colcon_core.shell:Creating prefix script '/home/pi/ros2_ws/install/local_setup.ps1'
[9.285s] INFO:colcon.colcon_core.shell:Creating prefix util module '/home/pi/ros2_ws/install/_local_setup_util_ps1.py'
[9.294s] INFO:colcon.colcon_core.shell:Creating prefix chain script '/home/pi/ros2_ws/install/setup.ps1'
[9.301s] INFO:colcon.colcon_core.shell:Creating prefix script '/home/pi/ros2_ws/install/local_setup.sh'
[9.305s] INFO:colcon.colcon_core.shell:Creating prefix util module '/home/pi/ros2_ws/install/_local_setup_util_sh.py'
[9.307s] INFO:colcon.colcon_core.shell:Creating prefix chain script '/home/pi/ros2_ws/install/setup.sh'
[9.313s] INFO:colcon.colcon_core.shell:Creating prefix script '/home/pi/ros2_ws/install/local_setup.bash'
[9.316s] INFO:colcon.colcon_core.shell:Creating prefix chain script '/home/pi/ros2_ws/install/setup.bash'
[9.321s] INFO:colcon.colcon_core.shell:Creating prefix script '/home/pi/ros2_ws/install/local_setup.zsh'
[9.324s] INFO:colcon.colcon_core.shell:Creating prefix chain script '/home/pi/ros2_ws/install/setup.zsh'
