[3.751s] Invoking command in '/home/pi/ros2_ws/src/stepper_motor': DEBUGINFOD_URLS=https://debuginfod.ubuntu.com PYTHONPATH=/home/pi/ros2_ws/build/stepper_motor/prefix_override:/usr/lib/python3/dist-packages/colcon_core/task/python/colcon_distutils_commands:/home/pi/ros2_ws/install/stepper_motor/lib/python3.12/site-packages:${PYTHONPATH} /usr/bin/python3 -W ignore:setup.py install is deprecated -W ignore:easy_install command is deprecated setup.py egg_info --egg-base ../../build/stepper_motor build --build-base /home/pi/ros2_ws/build/stepper_motor/build install --record /home/pi/ros2_ws/build/stepper_motor/install.log --single-version-externally-managed install_data
[4.951s] running egg_info
[5.040s] writing ../../build/stepper_motor/stepper_motor.egg-info/PKG-INFO
[5.041s] writing dependency_links to ../../build/stepper_motor/stepper_motor.egg-info/dependency_links.txt
[5.042s] writing entry points to ../../build/stepper_motor/stepper_motor.egg-info/entry_points.txt
[5.043s] writing requirements to ../../build/stepper_motor/stepper_motor.egg-info/requires.txt
[5.044s] writing top-level names to ../../build/stepper_motor/stepper_motor.egg-info/top_level.txt
[5.225s] reading manifest file '../../build/stepper_motor/stepper_motor.egg-info/SOURCES.txt'
[5.226s] adding license file 'LICENSE'
[5.229s] writing manifest file '../../build/stepper_motor/stepper_motor.egg-info/SOURCES.txt'
[5.229s] running build
[5.230s] running build_py
[5.231s] copying stepper_motor/controller_node.py -> /home/pi/ros2_ws/build/stepper_motor/build/lib/stepper_motor
[5.233s] running install
[5.257s] running install_lib
[5.348s] copying /home/pi/ros2_ws/build/stepper_motor/build/lib/stepper_motor/controller_node.py -> /home/pi/ros2_ws/install/stepper_motor/lib/python3.12/site-packages/stepper_motor
[5.351s] byte-compiling /home/pi/ros2_ws/install/stepper_motor/lib/python3.12/site-packages/stepper_motor/controller_node.py to controller_node.cpython-312.pyc
[5.355s] running install_data
[5.355s] running install_egg_info
[5.457s] removing '/home/pi/ros2_ws/install/stepper_motor/lib/python3.12/site-packages/stepper_motor-0.0.0-py3.12.egg-info' (and everything under it)
[5.459s] Copying ../../build/stepper_motor/stepper_motor.egg-info to /home/pi/ros2_ws/install/stepper_motor/lib/python3.12/site-packages/stepper_motor-0.0.0-py3.12.egg-info
[5.465s] running install_scripts
[6.123s] Installing controller_node script to /home/pi/ros2_ws/install/stepper_motor/lib/stepper_motor
[6.125s] Installing input_node script to /home/pi/ros2_ws/install/stepper_motor/lib/stepper_motor
[6.129s] writing list of installed files to '/home/pi/ros2_ws/build/stepper_motor/install.log'
[6.277s] Invoked command in '/home/pi/ros2_ws/src/stepper_motor' returned '0': DEBUGINFOD_URLS=https://debuginfod.ubuntu.com PYTHONPATH=/home/pi/ros2_ws/build/stepper_motor/prefix_override:/usr/lib/python3/dist-packages/colcon_core/task/python/colcon_distutils_commands:/home/pi/ros2_ws/install/stepper_motor/lib/python3.12/site-packages:${PYTHONPATH} /usr/bin/python3 -W ignore:setup.py install is deprecated -W ignore:easy_install command is deprecated setup.py egg_info --egg-base ../../build/stepper_motor build --build-base /home/pi/ros2_ws/build/stepper_motor/build install --record /home/pi/ros2_ws/build/stepper_motor/install.log --single-version-externally-managed install_data
