[5.038s] Invoking command in '/home/pi/ros2_ws/src/stepper_motor': DEBUGINFOD_URLS=https://debuginfod.ubuntu.com PYTHONPATH=/home/pi/ros2_ws/build/stepper_motor/prefix_override:/usr/lib/python3/dist-packages/colcon_core/task/python/colcon_distutils_commands:/home/pi/ros2_ws/install/stepper_motor/lib/python3.12/site-packages:${PYTHONPATH} /usr/bin/python3 -W ignore:setup.py install is deprecated -W ignore:easy_install command is deprecated setup.py egg_info --egg-base ../../build/stepper_motor build --build-base /home/pi/ros2_ws/build/stepper_motor/build install --record /home/pi/ros2_ws/build/stepper_motor/install.log --single-version-externally-managed install_data
[6.222s] running egg_info
[6.310s] writing ../../build/stepper_motor/stepper_motor.egg-info/PKG-INFO
[6.311s] writing dependency_links to ../../build/stepper_motor/stepper_motor.egg-info/dependency_links.txt
[6.312s] writing entry points to ../../build/stepper_motor/stepper_motor.egg-info/entry_points.txt
[6.313s] writing requirements to ../../build/stepper_motor/stepper_motor.egg-info/requires.txt
[6.313s] writing top-level names to ../../build/stepper_motor/stepper_motor.egg-info/top_level.txt
[6.494s] reading manifest file '../../build/stepper_motor/stepper_motor.egg-info/SOURCES.txt'
[6.496s] adding license file 'LICENSE'
[6.499s] writing manifest file '../../build/stepper_motor/stepper_motor.egg-info/SOURCES.txt'
[6.499s] running build
[6.500s] running build_py
[6.501s] copying stepper_motor/controller_node.py -> /home/pi/ros2_ws/build/stepper_motor/build/lib/stepper_motor
[6.502s] running install
[6.527s] running install_lib
[6.616s] copying /home/pi/ros2_ws/build/stepper_motor/build/lib/stepper_motor/controller_node.py -> /home/pi/ros2_ws/install/stepper_motor/lib/python3.12/site-packages/stepper_motor
[6.620s] byte-compiling /home/pi/ros2_ws/install/stepper_motor/lib/python3.12/site-packages/stepper_motor/controller_node.py to controller_node.cpython-312.pyc
[6.624s] running install_data
[6.625s] running install_egg_info
[6.720s] removing '/home/pi/ros2_ws/install/stepper_motor/lib/python3.12/site-packages/stepper_motor-0.0.0-py3.12.egg-info' (and everything under it)
[6.722s] Copying ../../build/stepper_motor/stepper_motor.egg-info to /home/pi/ros2_ws/install/stepper_motor/lib/python3.12/site-packages/stepper_motor-0.0.0-py3.12.egg-info
[6.730s] running install_scripts
[7.370s] Installing controller_node script to /home/pi/ros2_ws/install/stepper_motor/lib/stepper_motor
[7.371s] Installing input_node script to /home/pi/ros2_ws/install/stepper_motor/lib/stepper_motor
[7.373s] writing list of installed files to '/home/pi/ros2_ws/build/stepper_motor/install.log'
[7.535s] Invoked command in '/home/pi/ros2_ws/src/stepper_motor' returned '0': DEBUGINFOD_URLS=https://debuginfod.ubuntu.com PYTHONPATH=/home/pi/ros2_ws/build/stepper_motor/prefix_override:/usr/lib/python3/dist-packages/colcon_core/task/python/colcon_distutils_commands:/home/pi/ros2_ws/install/stepper_motor/lib/python3.12/site-packages:${PYTHONPATH} /usr/bin/python3 -W ignore:setup.py install is deprecated -W ignore:easy_install command is deprecated setup.py egg_info --egg-base ../../build/stepper_motor build --build-base /home/pi/ros2_ws/build/stepper_motor/build install --record /home/pi/ros2_ws/build/stepper_motor/install.log --single-version-externally-managed install_data
