running egg_info
writing ../../build/stepper_motor/stepper_motor.egg-info/PKG-INFO
writing dependency_links to ../../build/stepper_motor/stepper_motor.egg-info/dependency_links.txt
writing entry points to ../../build/stepper_motor/stepper_motor.egg-info/entry_points.txt
writing requirements to ../../build/stepper_motor/stepper_motor.egg-info/requires.txt
writing top-level names to ../../build/stepper_motor/stepper_motor.egg-info/top_level.txt
reading manifest file '../../build/stepper_motor/stepper_motor.egg-info/SOURCES.txt'
adding license file 'LICENSE'
writing manifest file '../../build/stepper_motor/stepper_motor.egg-info/SOURCES.txt'
running build
running build_py
creating /home/pi/ros2_ws/build/stepper_motor/build
creating /home/pi/ros2_ws/build/stepper_motor/build/lib
creating /home/pi/ros2_ws/build/stepper_motor/build/lib/stepper_motor
copying stepper_motor/__init__.py -> /home/pi/ros2_ws/build/stepper_motor/build/lib/stepper_motor
copying stepper_motor/input_node.py -> /home/pi/ros2_ws/build/stepper_motor/build/lib/stepper_motor
copying stepper_motor/stepper_motor.py -> /home/pi/ros2_ws/build/stepper_motor/build/lib/stepper_motor
copying stepper_motor/controller_node.py -> /home/pi/ros2_ws/build/stepper_motor/build/lib/stepper_motor
running install
running install_lib
creating /home/pi/ros2_ws/install/stepper_motor/lib/python3.12/site-packages/stepper_motor
copying /home/pi/ros2_ws/build/stepper_motor/build/lib/stepper_motor/__init__.py -> /home/pi/ros2_ws/install/stepper_motor/lib/python3.12/site-packages/stepper_motor
copying /home/pi/ros2_ws/build/stepper_motor/build/lib/stepper_motor/input_node.py -> /home/pi/ros2_ws/install/stepper_motor/lib/python3.12/site-packages/stepper_motor
copying /home/pi/ros2_ws/build/stepper_motor/build/lib/stepper_motor/stepper_motor.py -> /home/pi/ros2_ws/install/stepper_motor/lib/python3.12/site-packages/stepper_motor
copying /home/pi/ros2_ws/build/stepper_motor/build/lib/stepper_motor/controller_node.py -> /home/pi/ros2_ws/install/stepper_motor/lib/python3.12/site-packages/stepper_motor
byte-compiling /home/pi/ros2_ws/install/stepper_motor/lib/python3.12/site-packages/stepper_motor/__init__.py to __init__.cpython-312.pyc
byte-compiling /home/pi/ros2_ws/install/stepper_motor/lib/python3.12/site-packages/stepper_motor/input_node.py to input_node.cpython-312.pyc
byte-compiling /home/pi/ros2_ws/install/stepper_motor/lib/python3.12/site-packages/stepper_motor/stepper_motor.py to stepper_motor.cpython-312.pyc
byte-compiling /home/pi/ros2_ws/install/stepper_motor/lib/python3.12/site-packages/stepper_motor/controller_node.py to controller_node.cpython-312.pyc
running install_data
creating /home/pi/ros2_ws/install/stepper_motor/share/ament_index
creating /home/pi/ros2_ws/install/stepper_motor/share/ament_index/resource_index
creating /home/pi/ros2_ws/install/stepper_motor/share/ament_index/resource_index/packages
copying resource/stepper_motor -> /home/pi/ros2_ws/install/stepper_motor/share/ament_index/resource_index/packages
copying package.xml -> /home/pi/ros2_ws/install/stepper_motor/share/stepper_motor
running install_egg_info
Copying ../../build/stepper_motor/stepper_motor.egg-info to /home/pi/ros2_ws/install/stepper_motor/lib/python3.12/site-packages/stepper_motor-0.0.0-py3.12.egg-info
running install_scripts
Installing controller_node script to /home/pi/ros2_ws/install/stepper_motor/lib/stepper_motor
Installing input_node script to /home/pi/ros2_ws/install/stepper_motor/lib/stepper_motor
writing list of installed files to '/home/pi/ros2_ws/build/stepper_motor/install.log'
