[3.541s] Invoking command in '/home/pi/ros2_ws/src/stepper_motor': DEBUGINFOD_URLS=https://debuginfod.ubuntu.com PYTHONPATH=/home/pi/ros2_ws/build/stepper_motor/prefix_override:/usr/lib/python3/dist-packages/colcon_core/task/python/colcon_distutils_commands:/home/pi/ros2_ws/install/stepper_motor/lib/python3.12/site-packages:${PYTHONPATH} /usr/bin/python3 -W ignore:setup.py install is deprecated -W ignore:easy_install command is deprecated setup.py egg_info --egg-base ../../build/stepper_motor build --build-base /home/pi/ros2_ws/build/stepper_motor/build install --record /home/pi/ros2_ws/build/stepper_motor/install.log --single-version-externally-managed install_data
[4.682s] running egg_info
[4.766s] writing ../../build/stepper_motor/stepper_motor.egg-info/PKG-INFO
[4.767s] writing dependency_links to ../../build/stepper_motor/stepper_motor.egg-info/dependency_links.txt
[4.768s] writing entry points to ../../build/stepper_motor/stepper_motor.egg-info/entry_points.txt
[4.769s] writing requirements to ../../build/stepper_motor/stepper_motor.egg-info/requires.txt
[4.769s] writing top-level names to ../../build/stepper_motor/stepper_motor.egg-info/top_level.txt
[4.941s] reading manifest file '../../build/stepper_motor/stepper_motor.egg-info/SOURCES.txt'
[4.942s] adding license file 'LICENSE'
[4.945s] writing manifest file '../../build/stepper_motor/stepper_motor.egg-info/SOURCES.txt'
[4.945s] running build
[4.946s] running build_py
[4.946s] creating /home/pi/ros2_ws/build/stepper_motor/build
[4.947s] creating /home/pi/ros2_ws/build/stepper_motor/build/lib
[4.947s] creating /home/pi/ros2_ws/build/stepper_motor/build/lib/stepper_motor
[4.948s] copying stepper_motor/__init__.py -> /home/pi/ros2_ws/build/stepper_motor/build/lib/stepper_motor
[4.948s] copying stepper_motor/input_node.py -> /home/pi/ros2_ws/build/stepper_motor/build/lib/stepper_motor
[4.949s] copying stepper_motor/stepper_motor.py -> /home/pi/ros2_ws/build/stepper_motor/build/lib/stepper_motor
[4.950s] copying stepper_motor/controller_node.py -> /home/pi/ros2_ws/build/stepper_motor/build/lib/stepper_motor
[4.951s] running install
[4.974s] running install_lib
[5.062s] creating /home/pi/ros2_ws/install/stepper_motor/lib/python3.12/site-packages/stepper_motor
[5.063s] copying /home/pi/ros2_ws/build/stepper_motor/build/lib/stepper_motor/__init__.py -> /home/pi/ros2_ws/install/stepper_motor/lib/python3.12/site-packages/stepper_motor
[5.064s] copying /home/pi/ros2_ws/build/stepper_motor/build/lib/stepper_motor/input_node.py -> /home/pi/ros2_ws/install/stepper_motor/lib/python3.12/site-packages/stepper_motor
[5.064s] copying /home/pi/ros2_ws/build/stepper_motor/build/lib/stepper_motor/stepper_motor.py -> /home/pi/ros2_ws/install/stepper_motor/lib/python3.12/site-packages/stepper_motor
[5.065s] copying /home/pi/ros2_ws/build/stepper_motor/build/lib/stepper_motor/controller_node.py -> /home/pi/ros2_ws/install/stepper_motor/lib/python3.12/site-packages/stepper_motor
[5.068s] byte-compiling /home/pi/ros2_ws/install/stepper_motor/lib/python3.12/site-packages/stepper_motor/__init__.py to __init__.cpython-312.pyc
[5.069s] byte-compiling /home/pi/ros2_ws/install/stepper_motor/lib/python3.12/site-packages/stepper_motor/input_node.py to input_node.cpython-312.pyc
[5.072s] byte-compiling /home/pi/ros2_ws/install/stepper_motor/lib/python3.12/site-packages/stepper_motor/stepper_motor.py to stepper_motor.cpython-312.pyc
[5.075s] byte-compiling /home/pi/ros2_ws/install/stepper_motor/lib/python3.12/site-packages/stepper_motor/controller_node.py to controller_node.cpython-312.pyc
[5.079s] running install_data
[5.080s] creating /home/pi/ros2_ws/install/stepper_motor/share/ament_index
[5.080s] creating /home/pi/ros2_ws/install/stepper_motor/share/ament_index/resource_index
[5.081s] creating /home/pi/ros2_ws/install/stepper_motor/share/ament_index/resource_index/packages
[5.081s] copying resource/stepper_motor -> /home/pi/ros2_ws/install/stepper_motor/share/ament_index/resource_index/packages
[5.082s] copying package.xml -> /home/pi/ros2_ws/install/stepper_motor/share/stepper_motor
[5.082s] running install_egg_info
[5.172s] Copying ../../build/stepper_motor/stepper_motor.egg-info to /home/pi/ros2_ws/install/stepper_motor/lib/python3.12/site-packages/stepper_motor-0.0.0-py3.12.egg-info
[5.177s] running install_scripts
[5.805s] Installing controller_node script to /home/pi/ros2_ws/install/stepper_motor/lib/stepper_motor
[5.806s] Installing input_node script to /home/pi/ros2_ws/install/stepper_motor/lib/stepper_motor
[5.807s] writing list of installed files to '/home/pi/ros2_ws/build/stepper_motor/install.log'
[5.950s] Invoked command in '/home/pi/ros2_ws/src/stepper_motor' returned '0': DEBUGINFOD_URLS=https://debuginfod.ubuntu.com PYTHONPATH=/home/pi/ros2_ws/build/stepper_motor/prefix_override:/usr/lib/python3/dist-packages/colcon_core/task/python/colcon_distutils_commands:/home/pi/ros2_ws/install/stepper_motor/lib/python3.12/site-packages:${PYTHONPATH} /usr/bin/python3 -W ignore:setup.py install is deprecated -W ignore:easy_install command is deprecated setup.py egg_info --egg-base ../../build/stepper_motor build --build-base /home/pi/ros2_ws/build/stepper_motor/build install --record /home/pi/ros2_ws/build/stepper_motor/install.log --single-version-externally-managed install_data
