[3.674s] Invoking command in '/home/pi/ros2_ws/src/stepper_motor': DEBUGINFOD_URLS=https://debuginfod.ubuntu.com PYTHONPATH=/home/pi/ros2_ws/build/stepper_motor/prefix_override:/usr/lib/python3/dist-packages/colcon_core/task/python/colcon_distutils_commands:/home/pi/ros2_ws/install/stepper_motor/lib/python3.12/site-packages:${PYTHONPATH} /usr/bin/python3 -W ignore:setup.py install is deprecated -W ignore:easy_install command is deprecated setup.py egg_info --egg-base ../../build/stepper_motor build --build-base /home/pi/ros2_ws/build/stepper_motor/build install --record /home/pi/ros2_ws/build/stepper_motor/install.log --single-version-externally-managed install_data
[4.874s] running egg_info
[4.960s] writing ../../build/stepper_motor/stepper_motor.egg-info/PKG-INFO
[4.961s] writing dependency_links to ../../build/stepper_motor/stepper_motor.egg-info/dependency_links.txt
[4.963s] writing entry points to ../../build/stepper_motor/stepper_motor.egg-info/entry_points.txt
[4.964s] writing requirements to ../../build/stepper_motor/stepper_motor.egg-info/requires.txt
[4.965s] writing top-level names to ../../build/stepper_motor/stepper_motor.egg-info/top_level.txt
[5.145s] reading manifest file '../../build/stepper_motor/stepper_motor.egg-info/SOURCES.txt'
[5.147s] adding license file 'LICENSE'
[5.149s] writing manifest file '../../build/stepper_motor/stepper_motor.egg-info/SOURCES.txt'
[5.150s] running build
[5.151s] running build_py
[5.151s] copying stepper_motor/controller_node.py -> /home/pi/ros2_ws/build/stepper_motor/build/lib/stepper_motor
[5.153s] running install
[5.177s] running install_lib
[5.264s] copying /home/pi/ros2_ws/build/stepper_motor/build/lib/stepper_motor/controller_node.py -> /home/pi/ros2_ws/install/stepper_motor/lib/python3.12/site-packages/stepper_motor
[5.267s] byte-compiling /home/pi/ros2_ws/install/stepper_motor/lib/python3.12/site-packages/stepper_motor/controller_node.py to controller_node.cpython-312.pyc
[5.271s] running install_data
[5.272s] running install_egg_info
[5.365s] removing '/home/pi/ros2_ws/install/stepper_motor/lib/python3.12/site-packages/stepper_motor-0.0.0-py3.12.egg-info' (and everything under it)
[5.367s] Copying ../../build/stepper_motor/stepper_motor.egg-info to /home/pi/ros2_ws/install/stepper_motor/lib/python3.12/site-packages/stepper_motor-0.0.0-py3.12.egg-info
[5.373s] running install_scripts
[6.016s] Installing controller_node script to /home/pi/ros2_ws/install/stepper_motor/lib/stepper_motor
[6.017s] Installing input_node script to /home/pi/ros2_ws/install/stepper_motor/lib/stepper_motor
[6.019s] writing list of installed files to '/home/pi/ros2_ws/build/stepper_motor/install.log'
[6.165s] Invoked command in '/home/pi/ros2_ws/src/stepper_motor' returned '0': DEBUGINFOD_URLS=https://debuginfod.ubuntu.com PYTHONPATH=/home/pi/ros2_ws/build/stepper_motor/prefix_override:/usr/lib/python3/dist-packages/colcon_core/task/python/colcon_distutils_commands:/home/pi/ros2_ws/install/stepper_motor/lib/python3.12/site-packages:${PYTHONPATH} /usr/bin/python3 -W ignore:setup.py install is deprecated -W ignore:easy_install command is deprecated setup.py egg_info --egg-base ../../build/stepper_motor build --build-base /home/pi/ros2_ws/build/stepper_motor/build install --record /home/pi/ros2_ws/build/stepper_motor/install.log --single-version-externally-managed install_data
