[2.945s] Invoking command in '/home/pi/ros2_ws/src/stepper_motor': PYTHONPATH=/home/pi/ros2_ws/build/stepper_motor/prefix_override:/usr/lib/python3/dist-packages/colcon_core/task/python/colcon_distutils_commands:/home/pi/ros2_ws/install/stepper_motor/lib/python3.12/site-packages: /usr/bin/python3 -W ignore:setup.py install is deprecated -W ignore:easy_install command is deprecated setup.py egg_info --egg-base ../../build/stepper_motor build --build-base /home/pi/ros2_ws/build/stepper_motor/build install --record /home/pi/ros2_ws/build/stepper_motor/install.log --single-version-externally-managed install_data
[3.819s] running egg_info
[3.875s] writing ../../build/stepper_motor/stepper_motor.egg-info/PKG-INFO
[3.876s] writing dependency_links to ../../build/stepper_motor/stepper_motor.egg-info/dependency_links.txt
[3.877s] writing entry points to ../../build/stepper_motor/stepper_motor.egg-info/entry_points.txt
[3.879s] writing requirements to ../../build/stepper_motor/stepper_motor.egg-info/requires.txt
[3.880s] writing top-level names to ../../build/stepper_motor/stepper_motor.egg-info/top_level.txt
[3.995s] reading manifest file '../../build/stepper_motor/stepper_motor.egg-info/SOURCES.txt'
[3.996s] adding license file 'LICENSE'
[3.999s] writing manifest file '../../build/stepper_motor/stepper_motor.egg-info/SOURCES.txt'
[4.000s] running build
[4.000s] running build_py
[4.002s] running install
[4.025s] running install_lib
[4.083s] running install_data
[4.084s] running install_egg_info
[4.142s] removing '/home/pi/ros2_ws/install/stepper_motor/lib/python3.12/site-packages/stepper_motor-0.0.0-py3.12.egg-info' (and everything under it)
[4.144s] Copying ../../build/stepper_motor/stepper_motor.egg-info to /home/pi/ros2_ws/install/stepper_motor/lib/python3.12/site-packages/stepper_motor-0.0.0-py3.12.egg-info
[4.154s] running install_scripts
[4.592s] Installing controller_node script to /home/pi/ros2_ws/install/stepper_motor/lib/stepper_motor
[4.593s] Installing input_node script to /home/pi/ros2_ws/install/stepper_motor/lib/stepper_motor
[4.595s] writing list of installed files to '/home/pi/ros2_ws/build/stepper_motor/install.log'
[4.737s] Invoked command in '/home/pi/ros2_ws/src/stepper_motor' returned '0': PYTHONPATH=/home/pi/ros2_ws/build/stepper_motor/prefix_override:/usr/lib/python3/dist-packages/colcon_core/task/python/colcon_distutils_commands:/home/pi/ros2_ws/install/stepper_motor/lib/python3.12/site-packages: /usr/bin/python3 -W ignore:setup.py install is deprecated -W ignore:easy_install command is deprecated setup.py egg_info --egg-base ../../build/stepper_motor build --build-base /home/pi/ros2_ws/build/stepper_motor/build install --record /home/pi/ros2_ws/build/stepper_motor/install.log --single-version-externally-managed install_data
