[3.700s] Invoking command in '/home/pi/ros2_ws/src/stepper_motor': DEBUGINFOD_URLS=https://debuginfod.ubuntu.com PYTHONPATH=/home/pi/ros2_ws/build/stepper_motor/prefix_override:/usr/lib/python3/dist-packages/colcon_core/task/python/colcon_distutils_commands:/home/pi/ros2_ws/install/stepper_motor/lib/python3.12/site-packages:${PYTHONPATH} /usr/bin/python3 -W ignore:setup.py install is deprecated -W ignore:easy_install command is deprecated setup.py egg_info --egg-base ../../build/stepper_motor build --build-base /home/pi/ros2_ws/build/stepper_motor/build install --record /home/pi/ros2_ws/build/stepper_motor/install.log --single-version-externally-managed install_data
[4.869s] running egg_info
[4.955s] writing ../../build/stepper_motor/stepper_motor.egg-info/PKG-INFO
[4.956s] writing dependency_links to ../../build/stepper_motor/stepper_motor.egg-info/dependency_links.txt
[4.957s] writing entry points to ../../build/stepper_motor/stepper_motor.egg-info/entry_points.txt
[4.958s] writing requirements to ../../build/stepper_motor/stepper_motor.egg-info/requires.txt
[4.959s] writing top-level names to ../../build/stepper_motor/stepper_motor.egg-info/top_level.txt
[5.135s] reading manifest file '../../build/stepper_motor/stepper_motor.egg-info/SOURCES.txt'
[5.137s] adding license file 'LICENSE'
[5.139s] writing manifest file '../../build/stepper_motor/stepper_motor.egg-info/SOURCES.txt'
[5.140s] running build
[5.141s] running build_py
[5.142s] copying stepper_motor/controller_node.py -> /home/pi/ros2_ws/build/stepper_motor/build/lib/stepper_motor
[5.143s] running install
[5.167s] running install_lib
[5.253s] copying /home/pi/ros2_ws/build/stepper_motor/build/lib/stepper_motor/controller_node.py -> /home/pi/ros2_ws/install/stepper_motor/lib/python3.12/site-packages/stepper_motor
[5.256s] byte-compiling /home/pi/ros2_ws/install/stepper_motor/lib/python3.12/site-packages/stepper_motor/controller_node.py to controller_node.cpython-312.pyc
[5.260s] running install_data
[5.261s] running install_egg_info
[5.354s] removing '/home/pi/ros2_ws/install/stepper_motor/lib/python3.12/site-packages/stepper_motor-0.0.0-py3.12.egg-info' (and everything under it)
[5.355s] Copying ../../build/stepper_motor/stepper_motor.egg-info to /home/pi/ros2_ws/install/stepper_motor/lib/python3.12/site-packages/stepper_motor-0.0.0-py3.12.egg-info
[5.361s] running install_scripts
[6.049s] Installing controller_node script to /home/pi/ros2_ws/install/stepper_motor/lib/stepper_motor
[6.051s] Installing input_node script to /home/pi/ros2_ws/install/stepper_motor/lib/stepper_motor
[6.053s] writing list of installed files to '/home/pi/ros2_ws/build/stepper_motor/install.log'
[6.198s] Invoked command in '/home/pi/ros2_ws/src/stepper_motor' returned '0': DEBUGINFOD_URLS=https://debuginfod.ubuntu.com PYTHONPATH=/home/pi/ros2_ws/build/stepper_motor/prefix_override:/usr/lib/python3/dist-packages/colcon_core/task/python/colcon_distutils_commands:/home/pi/ros2_ws/install/stepper_motor/lib/python3.12/site-packages:${PYTHONPATH} /usr/bin/python3 -W ignore:setup.py install is deprecated -W ignore:easy_install command is deprecated setup.py egg_info --egg-base ../../build/stepper_motor build --build-base /home/pi/ros2_ws/build/stepper_motor/build install --record /home/pi/ros2_ws/build/stepper_motor/install.log --single-version-externally-managed install_data
